<?xml version="1.0" encoding="UTF-8"?>
<!-- Generated by org.testng.reporters.JUnitReportReporter -->
<testsuite hostname="Elango-macminis-Mac-mini.local" failures="0" tests="1" name="sample.SamlpeTest" time="0.246" errors="1" timestamp="2025-01-21T17:26:48 IST" skipped="0">
  <testcase classname="sample.SamlpeTest" name="testLogin" time="0.246">
    <error message="The session identified by 8e4c5cb5-b3cf-466e-af9e-96502d734496 is not known
Build info: version: &#039;4.20.0&#039;, revision: &#039;866c76ca80&#039;
System info: os.name: &#039;Mac OS X&#039;, os.arch: &#039;x86_64&#039;, os.version: &#039;14.6.1&#039;, java.version: &#039;21.0.3&#039;
Driver info: io.appium.java_client.android.AndroidDriver
Command: [d82b08b8-c569-4812-9065-527e54bf98e0, findElement {using=id, value=org_id}]
Capabilities {appium:NoReset: false, appium:app: /Users/elangos/Downloads/65..., appium:appActivity: in.linkstreet.rapl.activiti..., appium:appPackage: in.linkstreet.rapl, appium:autoAcceptAlerts: true, appium:autoGrantPermissions: true, appium:automationName: UiAutomator2, appium:databaseEnabled: false, appium:desired: {NoReset: false, app: /Users/elangos/Downloads/65..., appActivity: in.linkstreet.rapl.activiti..., appPackage: in.linkstreet.rapl, autoAcceptAlerts: true, autoGrantPermissions: true, automationName: UiAutomator2, deviceName: UWVKS8P7YLZTRO55, newCommandTimeout: 300, noSign: true, platformName: ANDROID, platformVersion: 10}, appium:deviceApiLevel: 29, appium:deviceManufacturer: Xiaomi, appium:deviceModel: M2006C3LI, appium:deviceName: UWVKS8P7YLZTRO55, appium:deviceScreenDensity: 320, appium:deviceScreenSize: 720x1600, appium:deviceUDID: UWVKS8P7YLZTRO55, appium:javascriptEnabled: true, appium:locationContextEnabled: false, appium:networkConnectionEnabled: true, appium:newCommandTimeout: 300, appium:noSign: true, appium:pixelRatio: 2, appium:platformVersion: 10, appium:statBarHeight: 55, appium:takesScreenshot: true, appium:viewportRect: {height: 1545, left: 0, top: 55, width: 720}, appium:warnings: {}, appium:webStorageEnabled: false, platformName: ANDROID}
Session ID: d82b08b8-c569-4812-9065-527e54bf98e0" type="org.openqa.selenium.NoSuchSessionException">
      <![CDATA[org.openqa.selenium.NoSuchSessionException: The session identified by 8e4c5cb5-b3cf-466e-af9e-96502d734496 is not known
Build info: version: '4.20.0', revision: '866c76ca80'
System info: os.name: 'Mac OS X', os.arch: 'x86_64', os.version: '14.6.1', java.version: '21.0.3'
Driver info: io.appium.java_client.android.AndroidDriver
Command: [d82b08b8-c569-4812-9065-527e54bf98e0, findElement {using=id, value=org_id}]
Capabilities {appium:NoReset: false, appium:app: /Users/elangos/Downloads/65..., appium:appActivity: in.linkstreet.rapl.activiti..., appium:appPackage: in.linkstreet.rapl, appium:autoAcceptAlerts: true, appium:autoGrantPermissions: true, appium:automationName: UiAutomator2, appium:databaseEnabled: false, appium:desired: {NoReset: false, app: /Users/elangos/Downloads/65..., appActivity: in.linkstreet.rapl.activiti..., appPackage: in.linkstreet.rapl, autoAcceptAlerts: true, autoGrantPermissions: true, automationName: UiAutomator2, deviceName: UWVKS8P7YLZTRO55, newCommandTimeout: 300, noSign: true, platformName: ANDROID, platformVersion: 10}, appium:deviceApiLevel: 29, appium:deviceManufacturer: Xiaomi, appium:deviceModel: M2006C3LI, appium:deviceName: UWVKS8P7YLZTRO55, appium:deviceScreenDensity: 320, appium:deviceScreenSize: 720x1600, appium:deviceUDID: UWVKS8P7YLZTRO55, appium:javascriptEnabled: true, appium:locationContextEnabled: false, appium:networkConnectionEnabled: true, appium:newCommandTimeout: 300, appium:noSign: true, appium:pixelRatio: 2, appium:platformVersion: 10, appium:statBarHeight: 55, appium:takesScreenshot: true, appium:viewportRect: {height: 1545, left: 0, top: 55, width: 720}, appium:warnings: {}, appium:webStorageEnabled: false, platformName: ANDROID}
Session ID: d82b08b8-c569-4812-9065-527e54bf98e0
at java.base/jdk.internal.reflect.DirectConstructorHandleAccessor.newInstance(DirectConstructorHandleAccessor.java:62)
at java.base/java.lang.reflect.Constructor.newInstanceWithCaller(Constructor.java:502)
at java.base/java.lang.reflect.Constructor.newInstance(Constructor.java:486)
at org.openqa.selenium.remote.ErrorCodec.decode(ErrorCodec.java:167)
at org.openqa.selenium.remote.codec.w3c.W3CHttpResponseCodec.decode(W3CHttpResponseCodec.java:138)
at org.openqa.selenium.remote.codec.w3c.W3CHttpResponseCodec.decode(W3CHttpResponseCodec.java:50)
at org.openqa.selenium.remote.HttpCommandExecutor.execute(HttpCommandExecutor.java:190)
at io.appium.java_client.remote.AppiumCommandExecutor.execute(AppiumCommandExecutor.java:237)
at org.openqa.selenium.remote.RemoteWebDriver.execute(RemoteWebDriver.java:518)
at org.openqa.selenium.remote.ElementLocation$ElementFinder$2.findElement(ElementLocation.java:165)
at org.openqa.selenium.remote.ElementLocation.findElement(ElementLocation.java:66)
at org.openqa.selenium.remote.RemoteWebDriver.findElement(RemoteWebDriver.java:355)
at org.openqa.selenium.remote.RemoteWebDriver.findElement(RemoteWebDriver.java:349)
at io.appium.java_client.pagefactory.bys.builder.ByChained.lambda$getSearchingFunction$0(ByChained.java:41)
at org.openqa.selenium.support.ui.FluentWait.until(FluentWait.java:203)
at io.appium.java_client.pagefactory.bys.builder.ByChained.findElement(ByChained.java:72)
at org.openqa.selenium.remote.ElementLocation$ElementFinder$1.findElement(ElementLocation.java:139)
at org.openqa.selenium.remote.ElementLocation.findElement(ElementLocation.java:81)
at org.openqa.selenium.remote.RemoteWebDriver.findElement(RemoteWebDriver.java:355)
at org.openqa.selenium.remote.RemoteWebDriver.findElement(RemoteWebDriver.java:349)
at io.appium.java_client.pagefactory.bys.ContentMappedBy.findElement(ContentMappedBy.java:53)
at org.openqa.selenium.remote.ElementLocation$ElementFinder$1.findElement(ElementLocation.java:139)
at org.openqa.selenium.remote.ElementLocation.findElement(ElementLocation.java:81)
at org.openqa.selenium.remote.RemoteWebDriver.findElement(RemoteWebDriver.java:355)
at org.openqa.selenium.remote.RemoteWebDriver.findElement(RemoteWebDriver.java:349)
at io.appium.java_client.pagefactory.AppiumElementLocator.lambda$findElement$1(AppiumElementLocator.java:160)
at io.appium.java_client.pagefactory.AppiumElementLocator$WaitingFunction.apply(AppiumElementLocator.java:217)
at io.appium.java_client.pagefactory.AppiumElementLocator$WaitingFunction.apply(AppiumElementLocator.java:210)
at org.openqa.selenium.support.ui.FluentWait.until(FluentWait.java:203)
at io.appium.java_client.pagefactory.AppiumElementLocator.waitFor(AppiumElementLocator.java:135)
at io.appium.java_client.pagefactory.AppiumElementLocator.findElement(AppiumElementLocator.java:160)
at io.appium.java_client.pagefactory.interceptors.InterceptorOfASingleElement.call(InterceptorOfASingleElement.java:75)
at io.appium.java_client.proxy.Interceptor.intercept(Interceptor.java:78)
at org.openqa.selenium.remote.RemoteWebElement$ByteBuddy$yIVGpqMI.click(Unknown Source)
at sample.SamlpeTest.testLogin(SamlpeTest.java:38)
at java.base/jdk.internal.reflect.DirectMethodHandleAccessor.invoke(DirectMethodHandleAccessor.java:103)
at java.base/java.lang.reflect.Method.invoke(Method.java:580)
at org.testng.internal.invokers.MethodInvocationHelper.invokeMethod(MethodInvocationHelper.java:141)
at org.testng.internal.invokers.TestInvoker.invokeMethod(TestInvoker.java:686)
at org.testng.internal.invokers.TestInvoker.invokeTestMethod(TestInvoker.java:230)
at org.testng.internal.invokers.MethodRunner.runInSequence(MethodRunner.java:63)
at org.testng.internal.invokers.TestInvoker$MethodInvocationAgent.invoke(TestInvoker.java:992)
at org.testng.internal.invokers.TestInvoker.invokeTestMethods(TestInvoker.java:203)
at org.testng.internal.invokers.TestMethodWorker.invokeTestMethods(TestMethodWorker.java:154)
at org.testng.internal.invokers.TestMethodWorker.run(TestMethodWorker.java:134)
at java.base/java.util.ArrayList.forEach(ArrayList.java:1596)
at org.testng.TestRunner.privateRun(TestRunner.java:739)
at org.testng.TestRunner.run(TestRunner.java:614)
at org.testng.SuiteRunner.runTest(SuiteRunner.java:421)
at org.testng.SuiteRunner.runSequentially(SuiteRunner.java:413)
at org.testng.SuiteRunner.privateRun(SuiteRunner.java:373)
at org.testng.SuiteRunner.run(SuiteRunner.java:312)
at org.testng.SuiteRunnerWorker.runSuite(SuiteRunnerWorker.java:52)
at org.testng.SuiteRunnerWorker.run(SuiteRunnerWorker.java:95)
at org.testng.TestNG.runSuitesSequentially(TestNG.java:1274)
at org.testng.TestNG.runSuitesLocally(TestNG.java:1208)
at org.testng.TestNG.runSuites(TestNG.java:1112)
at org.testng.TestNG.run(TestNG.java:1079)
at org.testng.remote.AbstractRemoteTestNG.run(AbstractRemoteTestNG.java:115)
at org.testng.remote.RemoteTestNG.initAndRun(RemoteTestNG.java:293)
at org.testng.remote.RemoteTestNG.main(RemoteTestNG.java:91)
]]>
    </error>
  </testcase> <!-- testLogin -->
</testsuite> <!-- sample.SamlpeTest -->
