<?xml version="1.0" encoding="UTF-8"?>
<!-- Generated by org.testng.reporters.JUnitReportReporter -->
<testsuite hostname="LS76" failures="0" tests="1" name="sample.AndroidTest" time="1.454" errors="0" timestamp="2025-01-24T10:47:01 IST" skipped="0">
  <testcase classname="sample.AndroidTest" name="testLogin" time="1.454"/>
</testsuite> <!-- sample.AndroidTest -->
